<?xml version="1.0" encoding="UTF-8"?>
<!-- Generated by org.testng.reporters.JUnitReportReporter -->
<testsuite hostname="DESKTOP-85FK620" failures="0" tests="1" name="tasks.Tc_003_Test" time="4.499" errors="0" timestamp="2022-07-29T17:27:13 IST" skipped="0">
  <testcase classname="tasks.Tc_003_Test" name="airtal" time="4.499"/>
  <system-out/>
</testsuite> <!-- tasks.Tc_003_Test -->
