<?xml version="1.0" encoding="UTF-8"?>
<!-- Generated by org.testng.reporters.JUnitReportReporter -->
<testsuite skipped="0" hostname="DESKTOP-85FK620" name="tasks.Tc_002_Test" tests="1" failures="0" timestamp="2022-08-03T12:18:54 IST" time="45.817" errors="0">
  <testcase name="jio" time="45.817" classname="tasks.Tc_002_Test"/>
  <system-out/>
</testsuite> <!-- tasks.Tc_002_Test -->
