<?xml version="1.0" encoding="UTF-8"?>
<!-- Generated by org.testng.reporters.JUnitReportReporter -->
<testsuite skipped="0" hostname="DESKTOP-85FK620" name="tasks.Tc_001_Test" tests="1" failures="0" timestamp="2022-08-03T12:18:54 IST" time="45.055" errors="0">
  <testcase name="demo" time="45.055" classname="tasks.Tc_001_Test"/>
  <system-out/>
</testsuite> <!-- tasks.Tc_001_Test -->
